app/build/intermediates/manifest_merge_blame_file/debug/processDebugMainManifest/manifest-merger-blame-debug-report.txt
1<?xml version="1.0" encoding="utf-8"?>
2<manifest xmlns:android="http://schemas.android.com/apk/res/android"
3    package="com.unisanta.estacionamento"
4    android:versionCode="1"
5    android:versionName="1.0" >
6
7    <uses-sdk
8        android:minSdkVersion="24"
9        android:targetSdkVersion="34" />
10
11    <!-- Precisamos de internet para falar com o Firebase -->
12    <uses-permission android:name="android.permission.INTERNET" />
12-->src\main\AndroidManifest.xml:5:5-67
12-->src\main\AndroidManifest.xml:5:22-64
13    <uses-permission android:name="android.permission.ACCESS_NETWORK_STATE" />
13-->[com.google.firebase:firebase-auth:23.0.0] AndroidManifest.xml:26:5-79
13-->[com.google.firebase:firebase-auth:23.0.0] AndroidManifest.xml:26:22-76
14
15    <permission
15-->[androidx.core:core:1.13.1] AndroidManifest.xml:22:5-24:47
16        android:name="com.unisanta.estacionamento.DYNAMIC_RECEIVER_NOT_EXPORTED_PERMISSION"
16-->[androidx.core:core:1.13.1] AndroidManifest.xml:23:9-81
17        android:protectionLevel="signature" />
17-->[androidx.core:core:1.13.1] AndroidManifest.xml:24:9-44
18
19    <uses-permission android:name="com.unisanta.estacionamento.DYNAMIC_RECEIVER_NOT_EXPORTED_PERMISSION" />
19-->[androidx.core:core:1.13.1] AndroidManifest.xml:26:5-97
19-->[androidx.core:core:1.13.1] AndroidManifest.xml:26:22-94
20    <uses-permission android:name="com.google.android.providers.gsf.permission.READ_GSERVICES" />
20-->[com.google.android.recaptcha:recaptcha:18.4.0] AndroidManifest.xml:9:5-98
20-->[com.google.android.recaptcha:recaptcha:18.4.0] AndroidManifest.xml:9:22-95
21
22    <application
22-->src\main\AndroidManifest.xml:7:5-34:19
23        android:allowBackup="true"
23-->src\main\AndroidManifest.xml:8:9-35
24        android:appComponentFactory="androidx.core.app.CoreComponentFactory"
24-->[androidx.core:core:1.13.1] AndroidManifest.xml:28:18-86
25        android:debuggable="true"
26        android:extractNativeLibs="false"
27        android:icon="@drawable/ic_launcher"
27-->src\main\AndroidManifest.xml:9:9-45
28        android:label="@string/app_name"
28-->src\main\AndroidManifest.xml:10:9-41
29        android:supportsRtl="true"
29-->src\main\AndroidManifest.xml:11:9-35
30        android:testOnly="true"
31        android:theme="@style/Theme.Estacionamento" >
31-->src\main\AndroidManifest.xml:12:9-52
32
33        <!-- PerfilActivity e a tela inicial (LAUNCHER): escolhe Operador ou Cliente -->
34        <activity
34-->src\main\AndroidManifest.xml:15:9-22:20
35            android:name="com.unisanta.estacionamento.ui.PerfilActivity"
35-->src\main\AndroidManifest.xml:16:13-46
36            android:exported="true" >
36-->src\main\AndroidManifest.xml:17:13-36
37            <intent-filter>
37-->src\main\AndroidManifest.xml:18:13-21:29
38                <action android:name="android.intent.action.MAIN" />
38-->src\main\AndroidManifest.xml:19:17-69
38-->src\main\AndroidManifest.xml:19:25-66
39
40                <category android:name="android.intent.category.LAUNCHER" />
40-->src\main\AndroidManifest.xml:20:17-77
40-->src\main\AndroidManifest.xml:20:27-74
41            </intent-filter>
42        </activity>
43        <activity android:name="com.unisanta.estacionamento.ui.SplashActivity" />
43-->src\main\AndroidManifest.xml:24:9-55
43-->src\main\AndroidManifest.xml:24:19-52
44        <activity android:name="com.unisanta.estacionamento.ui.ClienteAreaActivity" />
44-->src\main\AndroidManifest.xml:25:9-60
44-->src\main\AndroidManifest.xml:25:19-57
45        <activity android:name="com.unisanta.estacionamento.ui.LoginActivity" />
45-->src\main\AndroidManifest.xml:26:9-54
45-->src\main\AndroidManifest.xml:26:19-51
46        <activity android:name="com.unisanta.estacionamento.ui.CadastroActivity" />
46-->src\main\AndroidManifest.xml:27:9-57
46-->src\main\AndroidManifest.xml:27:19-54
47        <activity android:name="com.unisanta.estacionamento.ui.HomeActivity" />
47-->src\main\AndroidManifest.xml:28:9-53
47-->src\main\AndroidManifest.xml:28:19-50
48        <activity android:name="com.unisanta.estacionamento.ui.GerenciarVagasActivity" />
48-->src\main\AndroidManifest.xml:29:9-63
48-->src\main\AndroidManifest.xml:29:19-60
49        <activity android:name="com.unisanta.estacionamento.ui.CadastrarCarroActivity" />
49-->src\main\AndroidManifest.xml:30:9-63
49-->src\main\AndroidManifest.xml:30:19-60
50        <activity android:name="com.unisanta.estacionamento.ui.DetalhesCarroActivity" />
50-->src\main\AndroidManifest.xml:31:9-62
50-->src\main\AndroidManifest.xml:31:19-59
51        <activity android:name="com.unisanta.estacionamento.ui.ClientesActivity" />
51-->src\main\AndroidManifest.xml:32:9-57
51-->src\main\AndroidManifest.xml:32:19-54
52
53        <service
53-->[com.google.firebase:firebase-auth-ktx:23.0.0] AndroidManifest.xml:8:9-14:19
54            android:name="com.google.firebase.components.ComponentDiscoveryService"
54-->[com.google.firebase:firebase-auth-ktx:23.0.0] AndroidManifest.xml:9:13-84
55            android:directBootAware="true"
55-->[com.google.firebase:firebase-common:21.0.0] AndroidManifest.xml:32:13-43
56            android:exported="false" >
56-->[com.google.firebase:firebase-auth-ktx:23.0.0] AndroidManifest.xml:10:13-37
57            <meta-data
57-->[com.google.firebase:firebase-auth-ktx:23.0.0] AndroidManifest.xml:11:13-13:85
58                android:name="com.google.firebase.components:com.google.firebase.auth.ktx.FirebaseAuthLegacyRegistrar"
58-->[com.google.firebase:firebase-auth-ktx:23.0.0] AndroidManifest.xml:12:17-119
59                android:value="com.google.firebase.components.ComponentRegistrar" />
59-->[com.google.firebase:firebase-auth-ktx:23.0.0] AndroidManifest.xml:13:17-82
60            <meta-data
60-->[com.google.firebase:firebase-auth:23.0.0] AndroidManifest.xml:69:13-71:85
61                android:name="com.google.firebase.components:com.google.firebase.auth.FirebaseAuthRegistrar"
61-->[com.google.firebase:firebase-auth:23.0.0] AndroidManifest.xml:70:17-109
62                android:value="com.google.firebase.components.ComponentRegistrar" />
62-->[com.google.firebase:firebase-auth:23.0.0] AndroidManifest.xml:71:17-82
63            <meta-data
63-->[com.google.firebase:firebase-firestore-ktx:25.0.0] AndroidManifest.xml:12:13-14:85
64                android:name="com.google.firebase.components:com.google.firebase.firestore.ktx.FirebaseFirestoreLegacyRegistrar"
64-->[com.google.firebase:firebase-firestore-ktx:25.0.0] AndroidManifest.xml:13:17-129
65                android:value="com.google.firebase.components.ComponentRegistrar" />
65-->[com.google.firebase:firebase-firestore-ktx:25.0.0] AndroidManifest.xml:14:17-82
66            <meta-data
66-->[com.google.firebase:firebase-firestore:25.0.0] AndroidManifest.xml:17:13-19:85
67                android:name="com.google.firebase.components:com.google.firebase.firestore.FirebaseFirestoreKtxRegistrar"
67-->[com.google.firebase:firebase-firestore:25.0.0] AndroidManifest.xml:18:17-122
68                android:value="com.google.firebase.components.ComponentRegistrar" />
68-->[com.google.firebase:firebase-firestore:25.0.0] AndroidManifest.xml:19:17-82
69            <meta-data
69-->[com.google.firebase:firebase-firestore:25.0.0] AndroidManifest.xml:20:13-22:85
70                android:name="com.google.firebase.components:com.google.firebase.firestore.FirestoreRegistrar"
70-->[com.google.firebase:firebase-firestore:25.0.0] AndroidManifest.xml:21:17-111
71                android:value="com.google.firebase.components.ComponentRegistrar" />
71-->[com.google.firebase:firebase-firestore:25.0.0] AndroidManifest.xml:22:17-82
72            <meta-data
72-->[com.google.firebase:firebase-common-ktx:21.0.0] AndroidManifest.xml:12:13-14:85
73                android:name="com.google.firebase.components:com.google.firebase.ktx.FirebaseCommonLegacyRegistrar"
73-->[com.google.firebase:firebase-common-ktx:21.0.0] AndroidManifest.xml:13:17-116
74                android:value="com.google.firebase.components.ComponentRegistrar" />
74-->[com.google.firebase:firebase-common-ktx:21.0.0] AndroidManifest.xml:14:17-82
75            <meta-data
75-->[com.google.firebase:firebase-common:21.0.0] AndroidManifest.xml:35:13-37:85
76                android:name="com.google.firebase.components:com.google.firebase.FirebaseCommonKtxRegistrar"
76-->[com.google.firebase:firebase-common:21.0.0] AndroidManifest.xml:36:17-109
77                android:value="com.google.firebase.components.ComponentRegistrar" />
77-->[com.google.firebase:firebase-common:21.0.0] AndroidManifest.xml:37:17-82
78        </service>
79
80        <activity
80-->[com.google.firebase:firebase-auth:23.0.0] AndroidManifest.xml:29:9-46:20
81            android:name="com.google.firebase.auth.internal.GenericIdpActivity"
81-->[com.google.firebase:firebase-auth:23.0.0] AndroidManifest.xml:30:13-80
82            android:excludeFromRecents="true"
82-->[com.google.firebase:firebase-auth:23.0.0] AndroidManifest.xml:31:13-46
83            android:exported="true"
83-->[com.google.firebase:firebase-auth:23.0.0] AndroidManifest.xml:32:13-36
84            android:launchMode="singleTask"
84-->[com.google.firebase:firebase-auth:23.0.0] AndroidManifest.xml:33:13-44
85            android:theme="@android:style/Theme.Translucent.NoTitleBar" >
85-->[com.google.firebase:firebase-auth:23.0.0] AndroidManifest.xml:34:13-72
86            <intent-filter>
86-->[com.google.firebase:firebase-auth:23.0.0] AndroidManifest.xml:35:13-45:29
87                <action android:name="android.intent.action.VIEW" />
87-->[com.google.firebase:firebase-auth:23.0.0] AndroidManifest.xml:36:17-69
87-->[com.google.firebase:firebase-auth:23.0.0] AndroidManifest.xml:36:25-66
88
89                <category android:name="android.intent.category.DEFAULT" />
89-->[com.google.firebase:firebase-auth:23.0.0] AndroidManifest.xml:38:17-76
89-->[com.google.firebase:firebase-auth:23.0.0] AndroidManifest.xml:38:27-73
90                <category android:name="android.intent.category.BROWSABLE" />
90-->[com.google.firebase:firebase-auth:23.0.0] AndroidManifest.xml:39:17-78
90-->[com.google.firebase:firebase-auth:23.0.0] AndroidManifest.xml:39:27-75
91
92                <data
92-->[com.google.firebase:firebase-auth:23.0.0] AndroidManifest.xml:41:17-44:51
93                    android:host="firebase.auth"
93-->[com.google.firebase:firebase-auth:23.0.0] AndroidManifest.xml:42:21-49
94                    android:path="/"
94-->[com.google.firebase:firebase-auth:23.0.0] AndroidManifest.xml:43:21-37
95                    android:scheme="genericidp" />
95-->[com.google.firebase:firebase-auth:23.0.0] AndroidManifest.xml:44:21-48
96            </intent-filter>
97        </activity>
98        <activity
98-->[com.google.firebase:firebase-auth:23.0.0] AndroidManifest.xml:47:9-64:20
99            android:name="com.google.firebase.auth.internal.RecaptchaActivity"
99-->[com.google.firebase:firebase-auth:23.0.0] AndroidManifest.xml:48:13-79
100            android:excludeFromRecents="true"
100-->[com.google.firebase:firebase-auth:23.0.0] AndroidManifest.xml:49:13-46
101            android:exported="true"
101-->[com.google.firebase:firebase-auth:23.0.0] AndroidManifest.xml:50:13-36
102            android:launchMode="singleTask"
102-->[com.google.firebase:firebase-auth:23.0.0] AndroidManifest.xml:51:13-44
103            android:theme="@android:style/Theme.Translucent.NoTitleBar" >
103-->[com.google.firebase:firebase-auth:23.0.0] AndroidManifest.xml:52:13-72
104            <intent-filter>
104-->[com.google.firebase:firebase-auth:23.0.0] AndroidManifest.xml:53:13-63:29
105                <action android:name="android.intent.action.VIEW" />
105-->[com.google.firebase:firebase-auth:23.0.0] AndroidManifest.xml:36:17-69
105-->[com.google.firebase:firebase-auth:23.0.0] AndroidManifest.xml:36:25-66
106
107                <category android:name="android.intent.category.DEFAULT" />
107-->[com.google.firebase:firebase-auth:23.0.0] AndroidManifest.xml:38:17-76
107-->[com.google.firebase:firebase-auth:23.0.0] AndroidManifest.xml:38:27-73
108                <category android:name="android.intent.category.BROWSABLE" />
108-->[com.google.firebase:firebase-auth:23.0.0] AndroidManifest.xml:39:17-78
108-->[com.google.firebase:firebase-auth:23.0.0] AndroidManifest.xml:39:27-75
109
110                <data
110-->[com.google.firebase:firebase-auth:23.0.0] AndroidManifest.xml:41:17-44:51
111                    android:host="firebase.auth"
111-->[com.google.firebase:firebase-auth:23.0.0] AndroidManifest.xml:42:21-49
112                    android:path="/"
112-->[com.google.firebase:firebase-auth:23.0.0] AndroidManifest.xml:43:21-37
113                    android:scheme="recaptcha" />
113-->[com.google.firebase:firebase-auth:23.0.0] AndroidManifest.xml:44:21-48
114            </intent-filter>
115        </activity>
116
117        <service
117-->[androidx.credentials:credentials-play-services-auth:1.2.0-rc01] AndroidManifest.xml:24:9-32:19
118            android:name="androidx.credentials.playservices.CredentialProviderMetadataHolder"
118-->[androidx.credentials:credentials-play-services-auth:1.2.0-rc01] AndroidManifest.xml:25:13-94
119            android:enabled="true"
119-->[androidx.credentials:credentials-play-services-auth:1.2.0-rc01] AndroidManifest.xml:26:13-35
120            android:exported="false" >
120-->[androidx.credentials:credentials-play-services-auth:1.2.0-rc01] AndroidManifest.xml:27:13-37
121            <meta-data
121-->[androidx.credentials:credentials-play-services-auth:1.2.0-rc01] AndroidManifest.xml:29:13-31:104
122                android:name="androidx.credentials.CREDENTIAL_PROVIDER_KEY"
122-->[androidx.credentials:credentials-play-services-auth:1.2.0-rc01] AndroidManifest.xml:30:17-76
123                android:value="androidx.credentials.playservices.CredentialProviderPlayServicesImpl" />
123-->[androidx.credentials:credentials-play-services-auth:1.2.0-rc01] AndroidManifest.xml:31:17-101
124        </service>
125
126        <activity
126-->[androidx.credentials:credentials-play-services-auth:1.2.0-rc01] AndroidManifest.xml:34:9-41:20
127            android:name="androidx.credentials.playservices.HiddenActivity"
127-->[androidx.credentials:credentials-play-services-auth:1.2.0-rc01] AndroidManifest.xml:35:13-76
128            android:configChanges="orientation|screenSize|screenLayout|keyboardHidden"
128-->[androidx.credentials:credentials-play-services-auth:1.2.0-rc01] AndroidManifest.xml:36:13-87
129            android:enabled="true"
129-->[androidx.credentials:credentials-play-services-auth:1.2.0-rc01] AndroidManifest.xml:37:13-35
130            android:exported="false"
130-->[androidx.credentials:credentials-play-services-auth:1.2.0-rc01] AndroidManifest.xml:38:13-37
131            android:fitsSystemWindows="true"
131-->[androidx.credentials:credentials-play-services-auth:1.2.0-rc01] AndroidManifest.xml:39:13-45
132            android:theme="@style/Theme.Hidden" >
132-->[androidx.credentials:credentials-play-services-auth:1.2.0-rc01] AndroidManifest.xml:40:13-48
133        </activity>
134        <activity
134-->[com.google.android.gms:play-services-auth:20.7.0] AndroidManifest.xml:23:9-27:75
135            android:name="com.google.android.gms.auth.api.signin.internal.SignInHubActivity"
135-->[com.google.android.gms:play-services-auth:20.7.0] AndroidManifest.xml:24:13-93
136            android:excludeFromRecents="true"
136-->[com.google.android.gms:play-services-auth:20.7.0] AndroidManifest.xml:25:13-46
137            android:exported="false"
137-->[com.google.android.gms:play-services-auth:20.7.0] AndroidManifest.xml:26:13-37
138            android:theme="@android:style/Theme.Translucent.NoTitleBar" />
138-->[com.google.android.gms:play-services-auth:20.7.0] AndroidManifest.xml:27:13-72
139        <!--
140            Service handling Google Sign-In user revocation. For apps that do not integrate with
141            Google Sign-In, this service will never be started.
142        -->
143        <service
143-->[com.google.android.gms:play-services-auth:20.7.0] AndroidManifest.xml:33:9-37:51
144            android:name="com.google.android.gms.auth.api.signin.RevocationBoundService"
144-->[com.google.android.gms:play-services-auth:20.7.0] AndroidManifest.xml:34:13-89
145            android:exported="true"
145-->[com.google.android.gms:play-services-auth:20.7.0] AndroidManifest.xml:35:13-36
146            android:permission="com.google.android.gms.auth.api.signin.permission.REVOCATION_NOTIFICATION"
146-->[com.google.android.gms:play-services-auth:20.7.0] AndroidManifest.xml:36:13-107
147            android:visibleToInstantApps="true" />
147-->[com.google.android.gms:play-services-auth:20.7.0] AndroidManifest.xml:37:13-48
148
149        <activity
149-->[com.google.android.gms:play-services-base:18.0.1] AndroidManifest.xml:20:9-22:45
150            android:name="com.google.android.gms.common.api.GoogleApiActivity"
150-->[com.google.android.gms:play-services-base:18.0.1] AndroidManifest.xml:20:19-85
151            android:exported="false"
151-->[com.google.android.gms:play-services-base:18.0.1] AndroidManifest.xml:22:19-43
152            android:theme="@android:style/Theme.Translucent.NoTitleBar" />
152-->[com.google.android.gms:play-services-base:18.0.1] AndroidManifest.xml:21:19-78
153
154        <provider
154-->[com.google.firebase:firebase-common:21.0.0] AndroidManifest.xml:23:9-28:39
155            android:name="com.google.firebase.provider.FirebaseInitProvider"
155-->[com.google.firebase:firebase-common:21.0.0] AndroidManifest.xml:24:13-77
156            android:authorities="com.unisanta.estacionamento.firebaseinitprovider"
156-->[com.google.firebase:firebase-common:21.0.0] AndroidManifest.xml:25:13-72
157            android:directBootAware="true"
157-->[com.google.firebase:firebase-common:21.0.0] AndroidManifest.xml:26:13-43
158            android:exported="false"
158-->[com.google.firebase:firebase-common:21.0.0] AndroidManifest.xml:27:13-37
159            android:initOrder="100" />
159-->[com.google.firebase:firebase-common:21.0.0] AndroidManifest.xml:28:13-36
160        <provider
160-->[androidx.emoji2:emoji2:1.3.0] AndroidManifest.xml:24:9-32:20
161            android:name="androidx.startup.InitializationProvider"
161-->[androidx.emoji2:emoji2:1.3.0] AndroidManifest.xml:25:13-67
162            android:authorities="com.unisanta.estacionamento.androidx-startup"
162-->[androidx.emoji2:emoji2:1.3.0] AndroidManifest.xml:26:13-68
163            android:exported="false" >
163-->[androidx.emoji2:emoji2:1.3.0] AndroidManifest.xml:27:13-37
164            <meta-data
164-->[androidx.emoji2:emoji2:1.3.0] AndroidManifest.xml:29:13-31:52
165                android:name="androidx.emoji2.text.EmojiCompatInitializer"
165-->[androidx.emoji2:emoji2:1.3.0] AndroidManifest.xml:30:17-75
166                android:value="androidx.startup" />
166-->[androidx.emoji2:emoji2:1.3.0] AndroidManifest.xml:31:17-49
167            <meta-data
167-->[androidx.lifecycle:lifecycle-process:2.8.4] AndroidManifest.xml:29:13-31:52
168                android:name="androidx.lifecycle.ProcessLifecycleInitializer"
168-->[androidx.lifecycle:lifecycle-process:2.8.4] AndroidManifest.xml:30:17-78
169                android:value="androidx.startup" />
169-->[androidx.lifecycle:lifecycle-process:2.8.4] AndroidManifest.xml:31:17-49
170            <meta-data
170-->[androidx.profileinstaller:profileinstaller:1.3.1] AndroidManifest.xml:29:13-31:52
171                android:name="androidx.profileinstaller.ProfileInstallerInitializer"
171-->[androidx.profileinstaller:profileinstaller:1.3.1] AndroidManifest.xml:30:17-85
172                android:value="androidx.startup" />
172-->[androidx.profileinstaller:profileinstaller:1.3.1] AndroidManifest.xml:31:17-49
173        </provider>
174
175        <meta-data
175-->[com.google.android.gms:play-services-basement:18.3.0] AndroidManifest.xml:21:9-23:69
176            android:name="com.google.android.gms.version"
176-->[com.google.android.gms:play-services-basement:18.3.0] AndroidManifest.xml:22:13-58
177            android:value="@integer/google_play_services_version" />
177-->[com.google.android.gms:play-services-basement:18.3.0] AndroidManifest.xml:23:13-66
178
179        <receiver
179-->[androidx.profileinstaller:profileinstaller:1.3.1] AndroidManifest.xml:34:9-52:20
180            android:name="androidx.profileinstaller.ProfileInstallReceiver"
180-->[androidx.profileinstaller:profileinstaller:1.3.1] AndroidManifest.xml:35:13-76
181            android:directBootAware="false"
181-->[androidx.profileinstaller:profileinstaller:1.3.1] AndroidManifest.xml:36:13-44
182            android:enabled="true"
182-->[androidx.profileinstaller:profileinstaller:1.3.1] AndroidManifest.xml:37:13-35
183            android:exported="true"
183-->[androidx.profileinstaller:profileinstaller:1.3.1] AndroidManifest.xml:38:13-36
184            android:permission="android.permission.DUMP" >
184-->[androidx.profileinstaller:profileinstaller:1.3.1] AndroidManifest.xml:39:13-57
185            <intent-filter>
185-->[androidx.profileinstaller:profileinstaller:1.3.1] AndroidManifest.xml:40:13-42:29
186                <action android:name="androidx.profileinstaller.action.INSTALL_PROFILE" />
186-->[androidx.profileinstaller:profileinstaller:1.3.1] AndroidManifest.xml:41:17-91
186-->[androidx.profileinstaller:profileinstaller:1.3.1] AndroidManifest.xml:41:25-88
187            </intent-filter>
188            <intent-filter>
188-->[androidx.profileinstaller:profileinstaller:1.3.1] AndroidManifest.xml:43:13-45:29
189                <action android:name="androidx.profileinstaller.action.SKIP_FILE" />
189-->[androidx.profileinstaller:profileinstaller:1.3.1] AndroidManifest.xml:44:17-85
189-->[androidx.profileinstaller:profileinstaller:1.3.1] AndroidManifest.xml:44:25-82
190            </intent-filter>
191            <intent-filter>
191-->[androidx.profileinstaller:profileinstaller:1.3.1] AndroidManifest.xml:46:13-48:29
192                <action android:name="androidx.profileinstaller.action.SAVE_PROFILE" />
192-->[androidx.profileinstaller:profileinstaller:1.3.1] AndroidManifest.xml:47:17-88
192-->[androidx.profileinstaller:profileinstaller:1.3.1] AndroidManifest.xml:47:25-85
193            </intent-filter>
194            <intent-filter>
194-->[androidx.profileinstaller:profileinstaller:1.3.1] AndroidManifest.xml:49:13-51:29
195                <action android:name="androidx.profileinstaller.action.BENCHMARK_OPERATION" />
195-->[androidx.profileinstaller:profileinstaller:1.3.1] AndroidManifest.xml:50:17-95
195-->[androidx.profileinstaller:profileinstaller:1.3.1] AndroidManifest.xml:50:25-92
196            </intent-filter>
197        </receiver>
198    </application>
199
200</manifest>